Start testing: Aug 17 16:57 CST
----------------------------------------------------------
1/32 Testing: core
1/32 Test: core
Command: "/home/cicuvc/cs/projects/nvidia-sass-document/build/tests/semu_test_core"
Directory: /home/cicuvc/cs/projects/nvidia-sass-document/build/tests
"core" start time: Aug 17 16:57 CST
Output:
----------------------------------------------------------
[ RUN      ] semu/error_basic_construction
[       OK ] semu/error_basic_construction
[ RUN      ] semu/error_cause_chain
[       OK ] semu/error_cause_chain
[ RUN      ] semu/error_context_frames
[       OK ] semu/error_context_frames
[ RUN      ] semu/status_ok_and_failure
[       OK ] semu/status_ok_and_failure
[ RUN      ] semu/status_with_context
[       OK ] semu/status_with_context
[ RUN      ] semu/result_value_or_error
[       OK ] semu/result_value_or_error
[ RUN      ] semu/fault_context_and_report
[       OK ] semu/fault_context_and_report
[ RUN      ] semu/fault_with_cause_chain
[       OK ] semu/fault_with_cause_chain
[ RUN      ] semu/capability_states_roundtrip
[       OK ] semu/capability_states_roundtrip
[ RUN      ] semu/capability_manifest_scale
[       OK ] semu/capability_manifest_scale
[ RUN      ] semu/capability_queries
[       OK ] semu/capability_queries
[ RUN      ] semu/capability_json_byte_identical_roundtrip
[       OK ] semu/capability_json_byte_identical_roundtrip
[ RUN      ] semu/word_opcode_extraction
[       OK ] semu/word_opcode_extraction
[ RUN      ] semu/word_extract_bits_crossing_boundary
[       OK ] semu/word_extract_bits_crossing_boundary
[ RUN      ] semu/word_extract_multi_range
[       OK ] semu/word_extract_multi_range
[ RUN      ] semu/word_extract_full_64bit_range
[       OK ] semu/word_extract_full_64bit_range
[ RUN      ] semu/word_extract_boundary_lo_zero
[       OK ] semu/word_extract_boundary_lo_zero
[ RUN      ] semu/word_sign_extend
[       OK ] semu/word_sign_extend
[ RUN      ] semu/version_string
[       OK ] semu/version_string
[ RUN      ] semu/build_info_accessors
[       OK ] semu/build_info_accessors
[  PASSED  ] all semu core tests
<end of output>
Test time =   0.04 sec
----------------------------------------------------------
Test Passed.
"core" end time: Aug 17 16:57 CST
"core" time elapsed: 00:00:00
----------------------------------------------------------

2/32 Testing: decoder
2/32 Test: decoder
Command: "/home/cicuvc/cs/projects/nvidia-sass-document/build/tests/semu_test_decoder"
Directory: /home/cicuvc/cs/projects/nvidia-sass-document/build/tests
"decoder" start time: Aug 17 16:57 CST
Output:
----------------------------------------------------------
[ RUN      ] semu-decoder/decoder_known_words_unique
[       OK ] semu-decoder/decoder_known_words_unique
[ RUN      ] semu-decoder/decoder_batch_all_unique_via_corpus_words
[       OK ] semu-decoder/decoder_batch_all_unique_via_corpus_words
[ RUN      ] semu-decoder/decoder_illegal_unknown_opcode
[       OK ] semu-decoder/decoder_illegal_unknown_opcode
[ RUN      ] semu-decoder/decoder_candidates_opcode_index
[       OK ] semu-decoder/decoder_candidates_opcode_index
[  PASSED  ] all semu decoder tests
<end of output>
Test time =   0.01 sec
----------------------------------------------------------
Test Passed.
"decoder" end time: Aug 17 16:57 CST
"decoder" time elapsed: 00:00:00
----------------------------------------------------------

3/32 Testing: cubin_loader
3/32 Test: cubin_loader
Command: "/home/cicuvc/cs/projects/nvidia-sass-document/build/tests/semu_test_cubin"
Directory: /home/cicuvc/cs/projects/nvidia-sass-document/build/tests
"cubin_loader" start time: Aug 17 16:57 CST
Output:
----------------------------------------------------------
[ RUN      ] semu-cubin/cubin_loads_minimal_single_kernel
[       OK ] semu-cubin/cubin_loads_minimal_single_kernel
[ RUN      ] semu-cubin/cubin_loads_unknown_attr_preserved_with_warning
[       OK ] semu-cubin/cubin_loads_unknown_attr_preserved_with_warning
[ RUN      ] semu-cubin/cubin_rejects_unknown_eiattr_not_allowlisted
[       OK ] semu-cubin/cubin_rejects_unknown_eiattr_not_allowlisted
[ RUN      ] semu-cubin/cubin_rejects_bad_magic
[       OK ] semu-cubin/cubin_rejects_bad_magic
[ RUN      ] semu-cubin/cubin_rejects_truncated
[       OK ] semu-cubin/cubin_rejects_truncated
[ RUN      ] semu-cubin/cubin_rejects_wrong_arch_flags
[       OK ] semu-cubin/cubin_rejects_wrong_arch_flags
[ RUN      ] semu-cubin/cubin_rejects_wrong_machine
[       OK ] semu-cubin/cubin_rejects_wrong_machine
[ RUN      ] semu-cubin/cubin_rejects_oversized_section
[       OK ] semu-cubin/cubin_rejects_oversized_section
[ RUN      ] semu-cubin/cubin_rejects_corrupt_symbol_table
[       OK ] semu-cubin/cubin_rejects_corrupt_symbol_table
[ RUN      ] semu-cubin/cubin_rejects_malformed_eiattr
[       OK ] semu-cubin/cubin_rejects_malformed_eiattr
[ RUN      ] semu-cubin/cubin_relocation_out_of_range_symbol_fails
[       OK ] semu-cubin/cubin_relocation_out_of_range_symbol_fails
[ RUN      ] semu-cubin/cubin_multi_kernel_all_functions_listed
[       OK ] semu-cubin/cubin_multi_kernel_all_functions_listed
[ RUN      ] semu-cubin/cubin_associates_constant0_and_local_sections
[       OK ] semu-cubin/cubin_associates_constant0_and_local_sections
[ RUN      ] semu-cubin/cubin_kparam_permutations_normalize_to_same_order
[       OK ] semu-cubin/cubin_kparam_permutations_normalize_to_same_order
[ RUN      ] semu-cubin/cubin_kparam_rejects_duplicate_ordinal
[       OK ] semu-cubin/cubin_kparam_rejects_duplicate_ordinal
[ RUN      ] semu-cubin/cubin_kparam_rejects_zero_size
[       OK ] semu-cubin/cubin_kparam_rejects_zero_size
[ RUN      ] semu-cubin/cubin_kparam_rejects_overlap
[       OK ] semu-cubin/cubin_kparam_rejects_overlap
[ RUN      ] semu-cubin/cubin_kparam_rejects_oob_range
[       OK ] semu-cubin/cubin_kparam_rejects_oob_range
[ RUN      ] semu-cubin/cubin_illegal_word_strict_load_fails
[       OK ] semu-cubin/cubin_illegal_word_strict_load_fails
[ RUN      ] semu-cubin/cubin_illegal_word_inspection_keeps_all_entries
[       OK ] semu-cubin/cubin_illegal_word_inspection_keeps_all_entries
[ RUN      ] semu-cubin/cubin_rejects_odd_text_size
[       OK ] semu-cubin/cubin_rejects_odd_text_size
[ RUN      ] semu-cubin/cubin_rejects_symbol_range_outside_text
[       OK ] semu-cubin/cubin_rejects_symbol_range_outside_text
[ RUN      ] semu-cubin/cubin_relocation_abs32_applied
[       OK ] semu-cubin/cubin_relocation_abs32_applied
[ RUN      ] semu-cubin/cubin_relocation_bad_symbol_fails
[       OK ] semu-cubin/cubin_relocation_bad_symbol_fails
[ RUN      ] semu-cubin/cubin_relocation_unknown_exec_type_fails
[       OK ] semu-cubin/cubin_relocation_unknown_exec_type_fails
[ RUN      ] semu-cubin/cubin_rejects_symtab_with_non_strtab_link
[       OK ] semu-cubin/cubin_rejects_symtab_with_non_strtab_link
[ RUN      ] semu-cubin/cubin_rejects_symtab_small_entsize
[       OK ] semu-cubin/cubin_rejects_symtab_small_entsize
[ RUN      ] semu-cubin/cubin_rejects_wrong_osabi
[       OK ] semu-cubin/cubin_rejects_wrong_osabi
[ RUN      ] semu-cubin/cubin_rejects_wrong_abi_version
[       OK ] semu-cubin/cubin_rejects_wrong_abi_version
[ RUN      ] semu-cubin/cubin_relocation_uses_linked_secondary_symtab
[       OK ] semu-cubin/cubin_relocation_uses_linked_secondary_symtab
[ RUN      ] semu-cubin/cubin_relocation_constant_data_applied
[       OK ] semu-cubin/cubin_relocation_constant_data_applied
[ RUN      ] semu-cubin/cubin_relocation_oob_shinfo_no_crash
[       OK ] semu-cubin/cubin_relocation_oob_shinfo_no_crash
[ RUN      ] semu-cubin/cubin_inspection_allows_unknown_eiattr
[       OK ] semu-cubin/cubin_inspection_allows_unknown_eiattr
[ RUN      ] semu-cubin/cubin_kparam_non_monotonic_offsets_ok
[       OK ] semu-cubin/cubin_kparam_non_monotonic_offsets_ok
[ RUN      ] semu-cubin/cubin_kparam_overlap_non_monotonic_rejected
[       OK ] semu-cubin/cubin_kparam_overlap_non_monotonic_rejected
[ RUN      ] semu-cubin/cubin_kparam_error_keeps_context
[       OK ] semu-cubin/cubin_kparam_error_keeps_context
[ RUN      ] semu-cubin/cubin_relocation_nobits_target_rejected
[       OK ] semu-cubin/cubin_relocation_nobits_target_rejected
[ RUN      ] semu-cubin/cubin_word_pc_is_kernel_relative
[       OK ] semu-cubin/cubin_word_pc_is_kernel_relative
[ RUN      ] semu-cubin/cubin_rejects_text_align_below_128
[       OK ] semu-cubin/cubin_rejects_text_align_below_128
[ RUN      ] semu-cubin/cubin_relocation_unknown_target_strict_fails
[       OK ] semu-cubin/cubin_relocation_unknown_target_strict_fails
[ RUN      ] semu-cubin/cubin_relocation_debug_allowlist_skips
[       OK ] semu-cubin/cubin_relocation_debug_allowlist_skips
[ RUN      ] semu-cubin/cubin_executable_flag
[       OK ] semu-cubin/cubin_executable_flag
[  PASSED  ] all semu cubin loader tests
<end of output>
Test time =   0.02 sec
----------------------------------------------------------
Test Passed.
"cubin_loader" end time: Aug 17 16:57 CST
"cubin_loader" time elapsed: 00:00:00
----------------------------------------------------------

4/32 Testing: memory
4/32 Test: memory
Command: "/home/cicuvc/cs/projects/nvidia-sass-document/build/tests/semu_test_memory"
Directory: /home/cicuvc/cs/projects/nvidia-sass-document/build/tests
"memory" start time: Aug 17 16:57 CST
Output:
----------------------------------------------------------
[ RUN      ] semu-memory/memory_allocate_deterministic
[       OK ] semu-memory/memory_allocate_deterministic
[ RUN      ] semu-memory/memory_lifecycle_checks
[       OK ] semu-memory/memory_lifecycle_checks
[ RUN      ] semu-memory/memory_memset_and_copy
[       OK ] semu-memory/memory_memset_and_copy
[ RUN      ] semu-memory/memory_allocation_ids_stable
[       OK ] semu-memory/memory_allocation_ids_stable
[ RUN      ] semu-memory/memory_bad_alignment_rejected
[       OK ] semu-memory/memory_bad_alignment_rejected
[ RUN      ] semu-memory/memory_deviceptr_arithmetic
[       OK ] semu-memory/memory_deviceptr_arithmetic
[ RUN      ] semu-memory/constant_bank_param_layout
[       OK ] semu-memory/constant_bank_param_layout
[ RUN      ] semu-memory/constant_bank_bad_layout_rejected
[       OK ] semu-memory/constant_bank_bad_layout_rejected
[ RUN      ] semu-memory/context_launch_per_item_args
[       OK ] semu-memory/context_launch_per_item_args
[ RUN      ] semu-memory/context_packed_buffer_matches_item_args
[       OK ] semu-memory/context_packed_buffer_matches_item_args
[ RUN      ] semu-memory/context_launch_error_paths
[       OK ] semu-memory/context_launch_error_paths
[ RUN      ] semu-memory/context_shared_and_backend
[       OK ] semu-memory/context_shared_and_backend
[ RUN      ] semu-memory/context_bigparam_128_byte_arg
[       OK ] semu-memory/context_bigparam_128_byte_arg
[ RUN      ] semu-memory/memory_deviceptr_int64_min_safe
[       OK ] semu-memory/memory_deviceptr_int64_min_safe
[ RUN      ] semu-memory/memory_typed_access_contract
[       OK ] semu-memory/memory_typed_access_contract
[ RUN      ] semu-memory/memory_domain_isolate_and_reclaim
[       OK ] semu-memory/memory_domain_isolate_and_reclaim
[ RUN      ] semu-memory/context_pointer_arg_lifecycle_validation
[       OK ] semu-memory/context_pointer_arg_lifecycle_validation
[ RUN      ] semu-memory/context_shared_size_overflow
[       OK ] semu-memory/context_shared_size_overflow
[ RUN      ] semu-memory/context_full_bank_image_launch
[       OK ] semu-memory/context_full_bank_image_launch
[ RUN      ] semu-memory/context_services_backend_and_function_lifetime
[       OK ] semu-memory/context_services_backend_and_function_lifetime
[ RUN      ] semu-memory/memory_domain_access_isolation
[       OK ] semu-memory/memory_domain_access_isolation
[ RUN      ] semu-memory/memory_typed_access_width_matrix
[       OK ] semu-memory/memory_typed_access_width_matrix
[ RUN      ] semu-memory/context_repeated_launch_no_shared_leak
[       OK ] semu-memory/context_repeated_launch_no_shared_leak
[ RUN      ] semu-memory/constant_bank_layout_boundary
[       OK ] semu-memory/constant_bank_layout_boundary
[ RUN      ] semu-memory/context_event_channel
[       OK ] semu-memory/context_event_channel
[ RUN      ] semu-memory/context_backend_event_channel
[       OK ] semu-memory/context_backend_event_channel
[ RUN      ] semu-memory/context_multi_cta_shared_views
[       OK ] semu-memory/context_multi_cta_shared_views
[ RUN      ] semu-memory/context_launch_result_shared_not_dangling
[       OK ] semu-memory/context_launch_result_shared_not_dangling
[ RUN      ] semu-memory/context_cta_domain_ids_context_local
[       OK ] semu-memory/context_cta_domain_ids_context_local
[ RUN      ] semu-memory/context_grid_dims_overflow_rejected
[       OK ] semu-memory/context_grid_dims_overflow_rejected
[ RUN      ] semu-memory/context_block_dims_overflow_rejected
[       OK ] semu-memory/context_block_dims_overflow_rejected
[ RUN      ] semu-memory/memory_service_load_widths_and_sign_extension
[       OK ] semu-memory/memory_service_load_widths_and_sign_extension
[ RUN      ] semu-memory/memory_service_store_widths
[       OK ] semu-memory/memory_service_store_widths
[ RUN      ] semu-memory/memory_service_shared_roundtrip_and_oob
[       OK ] semu-memory/memory_service_shared_roundtrip_and_oob
[ RUN      ] semu-memory/memory_service_shared_atomic
[       OK ] semu-memory/memory_service_shared_atomic
[ RUN      ] semu-memory/memory_service_global_atomic_128_faults
[       OK ] semu-memory/memory_service_global_atomic_128_faults
[ RUN      ] semu-memory/memory_service_bounds_alignment_overflow
[       OK ] semu-memory/memory_service_bounds_alignment_overflow
[  PASSED  ] all semu memory/context tests
<end of output>
Test time =   0.02 sec
----------------------------------------------------------
Test Passed.
"memory" end time: Aug 17 16:57 CST
"memory" time elapsed: 00:00:00
----------------------------------------------------------

5/32 Testing: cluster
5/32 Test: cluster
Command: "/home/cicuvc/cs/projects/nvidia-sass-document/build/tests/semu_test_cluster"
Directory: /home/cicuvc/cs/projects/nvidia-sass-document/build/tests
"cluster" start time: Aug 17 16:57 CST
Output:
----------------------------------------------------------
neg: DSMEM rank 4 out of range for cluster size 4  (caused by: )
neg: DSMEM access offset 0x1024 width 8 out of bounds of target CTA 1 window (1024 bytes)  (caused by: )
neg: DSMEM access offset 0x1016 width 16 out of bounds of target CTA 1 window (1024 bytes)  (caused by: )
[ RUN      ] semu-cluster/cluster_topology_basic_mapping
[       OK ] semu-cluster/cluster_topology_basic_mapping
[ RUN      ] semu-cluster/cluster_topology_legality
[       OK ] semu-cluster/cluster_topology_legality
[ RUN      ] semu-cluster/dsmem_translation_and_cross_cta_roundtrip
[       OK ] semu-cluster/dsmem_translation_and_cross_cta_roundtrip
[ RUN      ] semu-cluster/dsmem_negative_matrix
[       OK ] semu-cluster/dsmem_negative_matrix
[ RUN      ] semu-cluster/dsmem_rejected_without_cluster
[       OK ] semu-cluster/dsmem_rejected_without_cluster
[ RUN      ] semu-cluster/dsmem_local_mode_ignores_rank_bits
[       OK ] semu-cluster/dsmem_local_mode_ignores_rank_bits
[ RUN      ] semu-cluster/dsmem_rank0_is_cluster_rank0
[       OK ] semu-cluster/dsmem_rank0_is_cluster_rank0
[ RUN      ] semu-cluster/dsmem_event_identity_golden
[       OK ] semu-cluster/dsmem_event_identity_golden
[ RUN      ] semu-cluster/dsmem_atomic_widths_and_oob
[       OK ] semu-cluster/dsmem_atomic_widths_and_oob
[ RUN      ] semu-cluster/dsmem_forged_translation_rejected
[       OK ] semu-cluster/dsmem_forged_translation_rejected
[ RUN      ] semu-cluster/dsmem_cross_context_translation_rejected
[       OK ] semu-cluster/dsmem_cross_context_translation_rejected
[ RUN      ] semu-cluster/dsmem_true_atomic_rmw
[       OK ] semu-cluster/dsmem_true_atomic_rmw
[ RUN      ] semu-cluster/dsmem_auto_events_from_shared_access
[       OK ] semu-cluster/dsmem_auto_events_from_shared_access
[ RUN      ] semu-cluster/dsmem_cross_context_replay_during_launch
[       OK ] semu-cluster/dsmem_cross_context_replay_during_launch
[ RUN      ] semu-cluster/dsmem_kind_cross_reuse_rejected
[       OK ] semu-cluster/dsmem_kind_cross_reuse_rejected
[ RUN      ] semu-cluster/dsmem_invalid_enums_rejected
[       OK ] semu-cluster/dsmem_invalid_enums_rejected
[ RUN      ] semu-cluster/dsmem_event_stop_semantics
[       OK ] semu-cluster/dsmem_event_stop_semantics
[ RUN      ] semu-cluster/dsmem_atomic_rmw_multithreaded
[       OK ] semu-cluster/dsmem_atomic_rmw_multithreaded
[ RUN      ] semu-cluster/dsmem_token_full_width_nonce
[       OK ] semu-cluster/dsmem_token_full_width_nonce
[ RUN      ] semu-cluster/dsmem_generation_overflow_is_error
[       OK ] semu-cluster/dsmem_generation_overflow_is_error
[ RUN      ] semu-cluster/dsmem_previous_generation_translation_invalid_after_next_launch
[       OK ] semu-cluster/dsmem_previous_generation_translation_invalid_after_next_launch
[ RUN      ] semu-cluster/dsmem_generation_overflow_no_leak_no_active_state
[       OK ] semu-cluster/dsmem_generation_overflow_no_leak_no_active_state
[ RUN      ] semu-cluster/context_nonce_exhaustion_is_error
[       OK ] semu-cluster/context_nonce_exhaustion_is_error
[  PASSED  ] all semu cluster DSMEM tests
<end of output>
Test time =   0.02 sec
----------------------------------------------------------
Test Passed.
"cluster" end time: Aug 17 16:57 CST
"cluster" time elapsed: 00:00:00
----------------------------------------------------------

6/32 Testing: interp
6/32 Test: interp
Command: "/home/cicuvc/cs/projects/nvidia-sass-document/build/tests/semu_test_interp"
Directory: /home/cicuvc/cs/projects/nvidia-sass-document/build/tests
"interp" start time: Aug 17 16:57 CST
Output:
----------------------------------------------------------
bssy fault: kind=0 BSSY join target from pc 0x0 is out of range or misaligned
[ RUN      ] semu-interp/interp_s2r_tid_and_exit
[       OK ] semu-interp/interp_s2r_tid_and_exit
[ RUN      ] semu-interp/interp_partial_warp
[       OK ] semu-interp/interp_partial_warp
[ RUN      ] semu-interp/interp_bra_loop
[       OK ] semu-interp/interp_bra_loop
[ RUN      ] semu-interp/interp_bssy_bsync
[       OK ] semu-interp/interp_bssy_bsync
[ RUN      ] semu-interp/interp_multi_warp
[       OK ] semu-interp/interp_multi_warp
[ RUN      ] semu-interp/interp_instruction_limit
[       OK ] semu-interp/interp_instruction_limit
[ RUN      ] semu-interp/interp_decode_only_fault_locality
[       OK ] semu-interp/interp_decode_only_fault_locality
[ RUN      ] semu-interp/interp_s2ur_uniform
[       OK ] semu-interp/interp_s2ur_uniform
[ RUN      ] semu-interp/interp_partial_exit_divergence
[       OK ] semu-interp/interp_partial_exit_divergence
[ RUN      ] semu-interp/interp_barrier_deadlock
[       OK ] semu-interp/interp_barrier_deadlock
[ RUN      ] semu-interp/interp_terminal_state_classification
[       OK ] semu-interp/interp_terminal_state_classification
[ RUN      ] semu-interp/interp_continuous_vs_step_consistency
[       OK ] semu-interp/interp_continuous_vs_step_consistency
[ RUN      ] semu-interp/interp_predicated_alu_per_lane_guard
[       OK ] semu-interp/interp_predicated_alu_per_lane_guard
[ RUN      ] semu-interp/interp_jmp_absolute
[       OK ] semu-interp/interp_jmp_absolute
[ RUN      ] semu-interp/interp_brx_register_indirect
[       OK ] semu-interp/interp_brx_register_indirect
[ RUN      ] semu-interp/interp_invalid_branch_target_fault
[       OK ] semu-interp/interp_invalid_branch_target_fault
[ RUN      ] semu-interp/interp_round_robin_fairness
[       OK ] semu-interp/interp_round_robin_fairness
[ RUN      ] semu-interp/interp_brx_checked_arith_boundaries
[       OK ] semu-interp/interp_brx_checked_arith_boundaries
[ RUN      ] semu-interp/interp_invalid_bssy_target_fault
[       OK ] semu-interp/interp_invalid_bssy_target_fault
[ RUN      ] semu-interp/interp_bssy_dual_path_convergence
[       OK ] semu-interp/interp_bssy_dual_path_convergence
[ RUN      ] semu-interp/interp_nested_bssy_partial_exit
[       OK ] semu-interp/interp_nested_bssy_partial_exit
[ RUN      ] semu-interp/interp_compute_ffma
[       OK ] semu-interp/interp_compute_ffma
[ RUN      ] semu-interp/interp_compute_ffma_fast
[       OK ] semu-interp/interp_compute_ffma_fast
[ RUN      ] semu-interp/interp_compute_ffma_fast_fallback
[       OK ] semu-interp/interp_compute_ffma_fast_fallback
[ RUN      ] semu-interp/interp_fast_fenv_restore
[       OK ] semu-interp/interp_fast_fenv_restore
[ RUN      ] semu-interp/interp_fast_rounding_modifier_classification
[       OK ] semu-interp/interp_fast_rounding_modifier_classification
[ RUN      ] semu-interp/interp_compute_lop3
[       OK ] semu-interp/interp_compute_lop3
[ RUN      ] semu-interp/interp_compute_shf
[       OK ] semu-interp/interp_compute_shf
[ RUN      ] semu-interp/interp_compute_p2r
[       OK ] semu-interp/interp_compute_p2r
[ RUN      ] semu-interp/interp_dual_mode_state_equality
[       OK ] semu-interp/interp_dual_mode_state_equality
[ RUN      ] semu-interp/interp_step_fast_consistency
[       OK ] semu-interp/interp_step_fast_consistency
[ RUN      ] semu-interp/interp_fast_per_lane_fallback_mix
[       OK ] semu-interp/interp_fast_per_lane_fallback_mix
[ RUN      ] semu-interp/interp_fast_bf16_layout_dual_mode
[       OK ] semu-interp/interp_fast_bf16_layout_dual_mode
[ RUN      ] semu-interp/interp_fast_pins_rn_during_run
[       OK ] semu-interp/interp_fast_pins_rn_during_run
[ RUN      ] semu-interp/interp_fast_f2f_overflow_fallback_single_count
[       OK ] semu-interp/interp_fast_f2f_overflow_fallback_single_count
[ RUN      ] semu-interp/interp_phase6_lds_sts_ldg_stg
[       OK ] semu-interp/interp_phase6_lds_sts_ldg_stg
[ RUN      ] semu-interp/interp_phase6_load_sign_extension
[       OK ] semu-interp/interp_phase6_load_sign_extension
[ RUN      ] semu-interp/interp_phase6_shared_oob_fault
[       OK ] semu-interp/interp_phase6_shared_oob_fault
[ RUN      ] semu-interp/interp_phase6_atomic_contention
[       OK ] semu-interp/interp_phase6_atomic_contention
[ RUN      ] semu-interp/interp_phase6_membar_depbar_order
[       OK ] semu-interp/interp_phase6_membar_depbar_order
[ RUN      ] semu-interp/interp_phase6_worker_count_invariance
[       OK ] semu-interp/interp_phase6_worker_count_invariance
[ RUN      ] semu-interp/interp_phase6_l1tex_trace_only_and_subcore
[       OK ] semu-interp/interp_phase6_l1tex_trace_only_and_subcore
[ RUN      ] semu-interp/interp_phase6_l2_trace_only
[       OK ] semu-interp/interp_phase6_l2_trace_only
[ RUN      ] semu-interp/interp_phase6_race_worker_count_json_identity
[       OK ] semu-interp/interp_phase6_race_worker_count_json_identity
[ RUN      ] semu-interp/interp_phase6_effective_address_race_overlap
[       OK ] semu-interp/interp_phase6_effective_address_race_overlap
[ RUN      ] semu-interp/interp_phase6_l2_effective_address_crosses_sector
[       OK ] semu-interp/interp_phase6_l2_effective_address_crosses_sector
[ RUN      ] semu-interp/interp_phase6_atomic_inc_dec_cas_signed
[       OK ] semu-interp/interp_phase6_atomic_inc_dec_cas_signed
[ RUN      ] semu-interp/interp_phase6_atomic_unknown_op_not_downgraded
[       OK ] semu-interp/interp_phase6_atomic_unknown_op_not_downgraded
[ RUN      ] semu-interp/interp_phase6_failing_atomic_not_recorded_race_l2
[       OK ] semu-interp/interp_phase6_failing_atomic_not_recorded_race_l2
[ RUN      ] semu-interp/interp_phase6_successful_atomic_still_recorded_race_l2
[       OK ] semu-interp/interp_phase6_successful_atomic_still_recorded_race_l2
[ RUN      ] semu-interp/interp_phase6_l1tex_coupled_ldgsts_prediction
[       OK ] semu-interp/interp_phase6_l1tex_coupled_ldgsts_prediction
[ RUN      ] semu-interp/interp_phase6_l2_worker_count_deterministic_trace
[       OK ] semu-interp/interp_phase6_l2_worker_count_deterministic_trace
[ RUN      ] semu-interp/interp_phase6_subcore_warp_linear_small_block
[       OK ] semu-interp/interp_phase6_subcore_warp_linear_small_block
[ RUN      ] semu-interp/interp_phase6_l2_cta_sm_mapping
[       OK ] semu-interp/interp_phase6_l2_cta_sm_mapping
[ RUN      ] semu-interp/interp_phase6_l2_worker_count_shared_engine
[       OK ] semu-interp/interp_phase6_l2_worker_count_shared_engine
[ RUN      ] semu-interp/interp_phase6_ldgsts_full_64bit_address_high_bits
[       OK ] semu-interp/interp_phase6_ldgsts_full_64bit_address_high_bits
[ RUN      ] semu-interp/interp_phase6_ldgsts_uniform_base_crosses_tag
[       OK ] semu-interp/interp_phase6_ldgsts_uniform_base_crosses_tag
[ RUN      ] semu-interp/interp_phase6_ldgsts_uniform_pair_high_half_nonzero
[       OK ] semu-interp/interp_phase6_ldgsts_uniform_pair_high_half_nonzero
[ RUN      ] semu-interp/interp_phase6_ldgsts_base_plus_uniform_overflow_prediction_unavailable
[       OK ] semu-interp/interp_phase6_ldgsts_base_plus_uniform_overflow_prediction_unavailable
[ RUN      ] semu-interp/interp_phase9_ldgsts_functional_copy
[       OK ] semu-interp/interp_phase9_ldgsts_functional_copy
[ RUN      ] semu-interp/interp_phase9_ldgsts_committed_bytes_observable
[       OK ] semu-interp/interp_phase9_ldgsts_committed_bytes_observable
[ RUN      ] semu-interp/interp_phase9_mbarrier_syncs_phase_flip
[       OK ] semu-interp/interp_phase9_mbarrier_syncs_phase_flip
[ RUN      ] semu-interp/interp_phase9_mbarrier_expect_tx_interpreter
[       OK ] semu-interp/interp_phase9_mbarrier_expect_tx_interpreter
[ RUN      ] semu-interp/interp_phase9_mbarrier_trywait_deadlock
[       OK ] semu-interp/interp_phase9_mbarrier_trywait_deadlock
[ RUN      ] semu-interp/interp_phase9_dsmem_cross_cta_mapping
[       OK ] semu-interp/interp_phase9_dsmem_cross_cta_mapping
[ RUN      ] semu-interp/interp_phase9_profiler_address_expansion_consistency
[       OK ] semu-interp/interp_phase9_profiler_address_expansion_consistency
[ RUN      ] semu-interp/interp_phase9_utmaldg_load
[       OK ] semu-interp/interp_phase9_utmaldg_load
[ RUN      ] semu-interp/interp_phase9_utmastg_store
[       OK ] semu-interp/interp_phase9_utmastg_store
[ RUN      ] semu-interp/interp_phase9_utmaredg_reduce
[       OK ] semu-interp/interp_phase9_utmaredg_reduce
[ RUN      ] semu-interp/interp_phase9_hmma_bf16_k16
[       OK ] semu-interp/interp_phase9_hmma_bf16_k16
[ RUN      ] semu-interp/interp_phase9_qmma_k32_e4m3
[       OK ] semu-interp/interp_phase9_qmma_k32_e4m3
[ RUN      ] semu-interp/interp_phase9_qmma_k16_e4m3
[       OK ] semu-interp/interp_phase9_qmma_k16_e4m3
[ RUN      ] semu-interp/interp_phase9_omma_k64_e2m1
[       OK ] semu-interp/interp_phase9_omma_k64_e2m1
[ RUN      ] semu-interp/interp_phase9_tensor_all_lanes_identical
[       OK ] semu-interp/interp_phase9_tensor_all_lanes_identical
[  PASSED  ] all semu interpreter tests
<end of output>
Test time =   5.84 sec
----------------------------------------------------------
Test Passed.
"interp" end time: Aug 17 16:57 CST
"interp" time elapsed: 00:00:05
----------------------------------------------------------

7/32 Testing: fp
7/32 Test: fp
Command: "/home/cicuvc/cs/projects/nvidia-sass-document/build/tests/semu_test_fp"
Directory: /home/cicuvc/cs/projects/nvidia-sass-document/build/tests
"fp" start time: Aug 17 16:57 CST
Output:
----------------------------------------------------------
[ RUN      ] semu-fp/fp_rounding_modes_distinct
[       OK ] semu-fp/fp_rounding_modes_distinct
[ RUN      ] semu-fp/fp_fma_tie_rounding
[       OK ] semu-fp/fp_fma_tie_rounding
[ RUN      ] semu-fp/fp_nan_canonical
[       OK ] semu-fp/fp_nan_canonical
[ RUN      ] semu-fp/fp_fmz_flush_all_inputs
[       OK ] semu-fp/fp_fmz_flush_all_inputs
[ RUN      ] semu-fp/fp_f64_rounding
[       OK ] semu-fp/fp_f64_rounding
[ RUN      ] semu-fp/fp_rounding_guard_restores_fenv
[       OK ] semu-fp/fp_rounding_guard_restores_fenv
[ RUN      ] semu-fp/fp_f64_to_narrow_direct
[       OK ] semu-fp/fp_f64_to_narrow_direct
[ RUN      ] semu-fp/fp_sat_special_values
[       OK ] semu-fp/fp_sat_special_values
[ RUN      ] semu-fp/fp_f64_to_f32_sat_finalize
[       OK ] semu-fp/fp_f64_to_f32_sat_finalize
[ RUN      ] semu-fp/fast_fp_finite_rn_matches_precise
[       OK ] semu-fp/fast_fp_finite_rn_matches_precise
[ RUN      ] semu-fp/fast_fp_sat_matches_precise
[       OK ] semu-fp/fast_fp_sat_matches_precise
[ RUN      ] semu-fp/fast_f2i_checked_range
[       OK ] semu-fp/fast_f2i_checked_range
[ RUN      ] semu-fp/fast_f2f_matches_precise
[       OK ] semu-fp/fast_f2f_matches_precise
[ RUN      ] semu-fp/fast_i2f_matches_precise
[       OK ] semu-fp/fast_i2f_matches_precise
[  PASSED  ] all semu fp tests
<end of output>
Test time =   0.00 sec
----------------------------------------------------------
Test Passed.
"fp" end time: Aug 17 16:57 CST
"fp" time elapsed: 00:00:00
----------------------------------------------------------

8/32 Testing: l1tex
8/32 Test: l1tex
Command: "/home/cicuvc/cs/projects/nvidia-sass-document/build/tests/semu_test_l1tex"
Directory: /home/cicuvc/cs/projects/nvidia-sass-document/build/tests
"l1tex" start time: Aug 17 16:57 CST
Output:
----------------------------------------------------------
[ RUN      ] semu-l1tex/l1tex_empty_mask
[       OK ] semu-l1tex/l1tex_empty_mask
[ RUN      ] semu-l1tex/l1tex_single_token_uniform
[       OK ] semu-l1tex/l1tex_single_token_uniform
[ RUN      ] semu-l1tex/l1tex_token_sealing_16b
[       OK ] semu-l1tex/l1tex_token_sealing_16b
[ RUN      ] semu-l1tex/l1tex_token_of
[       OK ] semu-l1tex/l1tex_token_of
[ RUN      ] semu-l1tex/l1tex_active_mask_within_token
[       OK ] semu-l1tex/l1tex_active_mask_within_token
[ RUN      ] semu-l1tex/ldgsts_structured_confidence_counts
[       OK ] semu-l1tex/ldgsts_structured_confidence_counts
[ RUN      ] semu-l1tex/ldgsts_scattered_approximate
[       OK ] semu-l1tex/ldgsts_scattered_approximate
[ RUN      ] semu-l1tex/ldgsts_cg_bypass_unsupported
[       OK ] semu-l1tex/ldgsts_cg_bypass_unsupported
[ RUN      ] semu-l1tex/ldgsts_scattered_dest_8b_source_affine_not_exact
[       OK ] semu-l1tex/ldgsts_scattered_dest_8b_source_affine_not_exact
[ RUN      ] semu-l1tex/ldgsts_scattered_dest_16b_source_affine_not_exact
[       OK ] semu-l1tex/ldgsts_scattered_dest_16b_source_affine_not_exact
[ RUN      ] semu-l1tex/ldgsts_scattered_dest_4b_source_affine_not_exact
[       OK ] semu-l1tex/ldgsts_scattered_dest_4b_source_affine_not_exact
[ RUN      ] semu-l1tex/ldgsts_structured_both_sides_16b_exact
[       OK ] semu-l1tex/ldgsts_structured_both_sides_16b_exact
[ RUN      ] semu-l1tex/ldgsts_counts_exact_on_scattered
[       OK ] semu-l1tex/ldgsts_counts_exact_on_scattered
[ RUN      ] semu-l1tex/ldgsts_json_extended_fields
[       OK ] semu-l1tex/ldgsts_json_extended_fields
[ RUN      ] semu-l1tex/ldgsts_conflict_domains_separate
[       OK ] semu-l1tex/ldgsts_conflict_domains_separate
[  PASSED  ] all semu l1tex tests
<end of output>
Test time =   0.02 sec
----------------------------------------------------------
Test Passed.
"l1tex" end time: Aug 17 16:57 CST
"l1tex" time elapsed: 00:00:00
----------------------------------------------------------

9/32 Testing: shared_bank
9/32 Test: shared_bank
Command: "/home/cicuvc/cs/projects/nvidia-sass-document/build/tests/semu_test_shared_bank"
Directory: /home/cicuvc/cs/projects/nvidia-sass-document/build/tests
"shared_bank" start time: Aug 17 16:57 CST
Output:
----------------------------------------------------------
[ RUN      ] semu-shared-bank/shared_bank_stride1
[       OK ] semu-shared-bank/shared_bank_stride1
[ RUN      ] semu-shared-bank/shared_bank_stride2
[       OK ] semu-shared-bank/shared_bank_stride2
[ RUN      ] semu-shared-bank/shared_bank_stride_power_of_two
[       OK ] semu-shared-bank/shared_bank_stride_power_of_two
[ RUN      ] semu-shared-bank/shared_bank_stride33
[       OK ] semu-shared-bank/shared_bank_stride33
[ RUN      ] semu-shared-bank/shared_bank_broadcast
[       OK ] semu-shared-bank/shared_bank_broadcast
[ RUN      ] semu-shared-bank/shared_bank_partial_mask
[       OK ] semu-shared-bank/shared_bank_partial_mask
[ RUN      ] semu-shared-bank/shared_bank_width64
[       OK ] semu-shared-bank/shared_bank_width64
[ RUN      ] semu-shared-bank/shared_bank_width128
[       OK ] semu-shared-bank/shared_bank_width128
[ RUN      ] semu-shared-bank/shared_bank_width64_broadcast
[       OK ] semu-shared-bank/shared_bank_width64_broadcast
[ RUN      ] semu-shared-bank/shared_bank_write_flag
[       OK ] semu-shared-bank/shared_bank_write_flag
[ RUN      ] semu-shared-bank/shared_bank_conflict_reason_chain
[       OK ] semu-shared-bank/shared_bank_conflict_reason_chain
[ RUN      ] semu-shared-bank/shared_bank_model_version
[       OK ] semu-shared-bank/shared_bank_model_version
[  PASSED  ] all semu shared-bank tests
<end of output>
Test time =   0.01 sec
----------------------------------------------------------
Test Passed.
"shared_bank" end time: Aug 17 16:57 CST
"shared_bank" time elapsed: 00:00:00
----------------------------------------------------------

10/32 Testing: global
10/32 Test: global
Command: "/home/cicuvc/cs/projects/nvidia-sass-document/build/tests/semu_test_global"
Directory: /home/cicuvc/cs/projects/nvidia-sass-document/build/tests
"global" start time: Aug 17 16:57 CST
Output:
----------------------------------------------------------
[ RUN      ] semu-global-model/global_contiguous
[       OK ] semu-global-model/global_contiguous
[ RUN      ] semu-global-model/global_strided
[       OK ] semu-global-model/global_strided
[ RUN      ] semu-global-model/global_broadcast
[       OK ] semu-global-model/global_broadcast
[ RUN      ] semu-global-model/global_misaligned
[       OK ] semu-global-model/global_misaligned
[ RUN      ] semu-global-model/global_sector_line_crossing
[       OK ] semu-global-model/global_sector_line_crossing
[ RUN      ] semu-global-model/global_cross_line_bank_no_conflict
[       OK ] semu-global-model/global_cross_line_bank_no_conflict
[ RUN      ] semu-global-model/global_partial_mask
[       OK ] semu-global-model/global_partial_mask
[ RUN      ] semu-global-model/global_width8
[       OK ] semu-global-model/global_width8
[ RUN      ] semu-global-model/global_model_version
[       OK ] semu-global-model/global_model_version
[  PASSED  ] all semu global-model tests
<end of output>
Test time =   0.01 sec
----------------------------------------------------------
Test Passed.
"global" end time: Aug 17 16:57 CST
"global" time elapsed: 00:00:00
----------------------------------------------------------

11/32 Testing: profiler
11/32 Test: profiler
Command: "/home/cicuvc/cs/projects/nvidia-sass-document/build/tests/semu_test_profiler"
Directory: /home/cicuvc/cs/projects/nvidia-sass-document/build/tests
"profiler" start time: Aug 17 16:57 CST
Output:
----------------------------------------------------------
[ RUN      ] semu-profiler/profiler_shared_broadcast
[       OK ] semu-profiler/profiler_shared_broadcast
[ RUN      ] semu-profiler/profiler_global_contiguous
[       OK ] semu-profiler/profiler_global_contiguous
[ RUN      ] semu-profiler/profiler_on_off_functional_identity
[       OK ] semu-profiler/profiler_on_off_functional_identity
[ RUN      ] semu-profiler/profiler_ldgsts_aggregate
[       OK ] semu-profiler/profiler_ldgsts_aggregate
[ RUN      ] semu-profiler/profiler_l2_separate_from_bank
[       OK ] semu-profiler/profiler_l2_separate_from_bank
[ RUN      ] semu-profiler/profiler_report_json_schema
[       OK ] semu-profiler/profiler_report_json_schema
[ RUN      ] semu-profiler/profiler_l2_shuffled_arrival_deterministic
[       OK ] semu-profiler/profiler_l2_shuffled_arrival_deterministic
[ RUN      ] semu-profiler/profiler_l1tex_subcore_arrangement_invariant
[       OK ] semu-profiler/profiler_l1tex_subcore_arrangement_invariant
[ RUN      ] semu-profiler/profiler_l1tex_miss_attribution_arrangement_invariant
[       OK ] semu-profiler/profiler_l1tex_miss_attribution_arrangement_invariant
[ RUN      ] semu-profiler/profiler_ldgsts_cg_bypass_negative
[       OK ] semu-profiler/profiler_ldgsts_cg_bypass_negative
[ RUN      ] semu-profiler/profiler_l1tex_cg_bypass_does_not_pollute_resident
[       OK ] semu-profiler/profiler_l1tex_cg_bypass_does_not_pollute_resident
[ RUN      ] semu-profiler/profiler_ldgsts_prediction_unavailable_overflow
[       OK ] semu-profiler/profiler_ldgsts_prediction_unavailable_overflow
[ RUN      ] semu-profiler/profiler_ldgsts_prediction_unavailable_direct
[       OK ] semu-profiler/profiler_ldgsts_prediction_unavailable_direct
[ RUN      ] semu-profiler/profiler_l1tex_prediction_unavailable_does_not_pollute_resident
[       OK ] semu-profiler/profiler_l1tex_prediction_unavailable_does_not_pollute_resident
[ RUN      ] semu-profiler/profiler_variant_aggregation_and_atomic_chain
[       OK ] semu-profiler/profiler_variant_aggregation_and_atomic_chain
[ RUN      ] semu-profiler/profiler_l2_orphan_duplicate_completions
[       OK ] semu-profiler/profiler_l2_orphan_duplicate_completions
[ RUN      ] semu-profiler/profiler_l2_duplicate_request_and_identity
[       OK ] semu-profiler/profiler_l2_duplicate_request_and_identity
[ RUN      ] semu-profiler/profiler_l2_atomic_chain_edges_permutation_invariant
[       OK ] semu-profiler/profiler_l2_atomic_chain_edges_permutation_invariant
[ RUN      ] semu-profiler/profiler_l2_atomic_chain_edge_identity
[       OK ] semu-profiler/profiler_l2_atomic_chain_edge_identity
[ RUN      ] semu-profiler/profiler_json_escape_special_chars
[       OK ] semu-profiler/profiler_json_escape_special_chars
[  PASSED  ] all semu profiler tests
<end of output>
Test time =   0.06 sec
----------------------------------------------------------
Test Passed.
"profiler" end time: Aug 17 16:57 CST
"profiler" time elapsed: 00:00:00
----------------------------------------------------------

12/32 Testing: subcore
12/32 Test: subcore
Command: "/home/cicuvc/cs/projects/nvidia-sass-document/build/tests/semu_test_subcore"
Directory: /home/cicuvc/cs/projects/nvidia-sass-document/build/tests
"subcore" start time: Aug 17 16:57 CST
Output:
----------------------------------------------------------
[ RUN      ] semu-subcore/subcore_warp_mapping_stable
[       OK ] semu-subcore/subcore_warp_mapping_stable
[ RUN      ] semu-subcore/subcore_program_order_per_subcore
[       OK ] semu-subcore/subcore_program_order_per_subcore
[ RUN      ] semu-subcore/subcore_trace_keeps_subcores_separate
[       OK ] semu-subcore/subcore_trace_keeps_subcores_separate
[  PASSED  ] all semu subcore tests
<end of output>
Test time =   0.00 sec
----------------------------------------------------------
Test Passed.
"subcore" end time: Aug 17 16:57 CST
"subcore" time elapsed: 00:00:00
----------------------------------------------------------

13/32 Testing: l2
13/32 Test: l2
Command: "/home/cicuvc/cs/projects/nvidia-sass-document/build/tests/semu_test_l2"
Directory: /home/cicuvc/cs/projects/nvidia-sass-document/build/tests
"l2" start time: Aug 17 16:57 CST
Output:
----------------------------------------------------------
[ RUN      ] semu-l2/l2_same_sector_cross_sm
[       OK ] semu-l2/l2_same_sector_cross_sm
[ RUN      ] semu-l2/l2_different_sector_no_interaction
[       OK ] semu-l2/l2_different_sector_no_interaction
[ RUN      ] semu-l2/l2_wide_access_multiple_sectors
[       OK ] semu-l2/l2_wide_access_multiple_sectors
[ RUN      ] semu-l2/l2_seed_replay_deterministic
[       OK ] semu-l2/l2_seed_replay_deterministic
[  PASSED  ] all semu l2 tests
<end of output>
Test time =   0.00 sec
----------------------------------------------------------
Test Passed.
"l2" end time: Aug 17 16:57 CST
"l2" time elapsed: 00:00:00
----------------------------------------------------------

14/32 Testing: race
14/32 Test: race
Command: "/home/cicuvc/cs/projects/nvidia-sass-document/build/tests/semu_test_race"
Directory: /home/cicuvc/cs/projects/nvidia-sass-document/build/tests
"race" start time: Aug 17 16:57 CST
Output:
----------------------------------------------------------
[ RUN      ] semu-race/race_shared_same_warp_write_write
[       OK ] semu-race/race_shared_same_warp_write_write
[ RUN      ] semu-race/race_shared_same_warp_read_write
[       OK ] semu-race/race_shared_same_warp_read_write
[ RUN      ] semu-race/race_shared_same_warp_program_order_no_race
[       OK ] semu-race/race_shared_same_warp_program_order_no_race
[ RUN      ] semu-race/race_shared_cross_warp_no_barrier
[       OK ] semu-race/race_shared_cross_warp_no_barrier
[ RUN      ] semu-race/race_shared_barrier_after_no_race
[       OK ] semu-race/race_shared_barrier_after_no_race
[ RUN      ] semu-race/race_shared_disjoint_bytes
[       OK ] semu-race/race_shared_disjoint_bytes
[ RUN      ] semu-race/race_shared_same_address_atomic
[       OK ] semu-race/race_shared_same_address_atomic
[ RUN      ] semu-race/race_global_cross_cta_write_write
[       OK ] semu-race/race_global_cross_cta_write_write
[ RUN      ] semu-race/race_global_cross_sm_read_write
[       OK ] semu-race/race_global_cross_sm_read_write
[ RUN      ] semu-race/race_global_fence_alone_no_hb
[       OK ] semu-race/race_global_fence_alone_no_hb
[ RUN      ] semu-race/race_global_atomic_release_acquire_no_race
[       OK ] semu-race/race_global_atomic_release_acquire_no_race
[ RUN      ] semu-race/race_global_atomic_relaxed_after_release_race
[       OK ] semu-race/race_global_atomic_relaxed_after_release_race
[ RUN      ] semu-race/race_shared_write_after_read_no_order
[       OK ] semu-race/race_shared_write_after_read_no_order
[ RUN      ] semu-race/race_shared_write_after_read_after_barrier
[       OK ] semu-race/race_shared_write_after_read_after_barrier
[ RUN      ] semu-race/race_global_different_allocation
[       OK ] semu-race/race_global_different_allocation
[ RUN      ] semu-race/race_global_overlap_nonaligned
[       OK ] semu-race/race_global_overlap_nonaligned
[ RUN      ] semu-race/race_dedup_reversed_observation_order
[       OK ] semu-race/race_dedup_reversed_observation_order
[ RUN      ] semu-race/race_global_reclaim_generation_isolates
[       OK ] semu-race/race_global_reclaim_generation_isolates
[ RUN      ] semu-race/race_report_deterministic
[       OK ] semu-race/race_report_deterministic
[ RUN      ] semu-race/race_json_carries_order_scope_ok
[       OK ] semu-race/race_json_carries_order_scope_ok
[ RUN      ] semu-race/race_classify_order_scope
[       OK ] semu-race/race_classify_order_scope
[ RUN      ] semu-race/race_interval_split_keeps_nonoverlapping_tail
[       OK ] semu-race/race_interval_split_keeps_nonoverlapping_tail
[ RUN      ] semu-race/race_read_preserves_writer_for_waw
[       OK ] semu-race/race_read_preserves_writer_for_waw
[ RUN      ] semu-race/race_atomic_write_plain_read_atomic_write_reports_war
[       OK ] semu-race/race_atomic_write_plain_read_atomic_write_reports_war
[ RUN      ] semu-race/race_atomic_write_plain_read_with_release_acquire_hb_no_report
[       OK ] semu-race/race_atomic_write_plain_read_with_release_acquire_hb_no_report
[ RUN      ] semu-race/race_reverse_instruction_order_still_races
[       OK ] semu-race/race_reverse_instruction_order_still_races
[ RUN      ] semu-race/race_scope_cta_release_does_not_cross_cta
[       OK ] semu-race/race_scope_cta_release_does_not_cross_cta
[ RUN      ] semu-race/race_scope_cta_release_visible_to_same_cta_gpu_acquire
[       OK ] semu-race/race_scope_cta_release_visible_to_same_cta_gpu_acquire
[ RUN      ] semu-race/race_scope_gpu_release_not_visible_to_other_cta_cta_acquire
[       OK ] semu-race/race_scope_gpu_release_not_visible_to_other_cta_cta_acquire
[ RUN      ] semu-race/race_scope_sm_release_domain
[       OK ] semu-race/race_scope_sm_release_domain
[  PASSED  ] all semu race tests
<end of output>
Test time =   0.01 sec
----------------------------------------------------------
Test Passed.
"race" end time: Aug 17 16:57 CST
"race" time elapsed: 00:00:00
----------------------------------------------------------

15/32 Testing: debugger
15/32 Test: debugger
Command: "/home/cicuvc/cs/projects/nvidia-sass-document/build/tests/semu_test_debugger"
Directory: /home/cicuvc/cs/projects/nvidia-sass-document/build/tests
"debugger" start time: Aug 17 16:57 CST
Output:
----------------------------------------------------------
[ RUN      ] semu-debugger/dbg_step_basic
[       OK ] semu-debugger/dbg_step_basic
[ RUN      ] semu-debugger/dbg_unsupported_stops_before_exec_and_state_viewable
[       OK ] semu-debugger/dbg_unsupported_stops_before_exec_and_state_viewable
[ RUN      ] semu-debugger/dbg_step_n_then_continue_matches_direct_continue
[       OK ] semu-debugger/dbg_step_n_then_continue_matches_direct_continue
[ RUN      ] semu-debugger/dbg_breakpoint_divergence_pc_group_and_lane_mask
[       OK ] semu-debugger/dbg_breakpoint_divergence_pc_group_and_lane_mask
[ RUN      ] semu-debugger/dbg_breakpoint_cta_warp_lane_condition
[       OK ] semu-debugger/dbg_breakpoint_cta_warp_lane_condition
[ RUN      ] semu-debugger/dbg_mnemonic_breakpoint_compares_mnemonic
[       OK ] semu-debugger/dbg_mnemonic_breakpoint_compares_mnemonic
[ RUN      ] semu-debugger/dbg_mnemonic_breakpoint_nonexistent_target_runs_to_done
[       OK ] semu-debugger/dbg_mnemonic_breakpoint_nonexistent_target_runs_to_done
[ RUN      ] semu-debugger/dbg_watchpoint_multilane
[       OK ] semu-debugger/dbg_watchpoint_multilane
[ RUN      ] semu-debugger/dbg_watchpoint_cross_boundary_and_negative
[       OK ] semu-debugger/dbg_watchpoint_cross_boundary_and_negative
[ RUN      ] semu-debugger/dbg_watchpoint_atomic_and_kind_negatives
[       OK ] semu-debugger/dbg_watchpoint_atomic_and_kind_negatives
[ RUN      ] semu-debugger/dbg_modify_register_changes_execution
[       OK ] semu-debugger/dbg_modify_register_changes_execution
[ RUN      ] semu-debugger/dbg_modify_memory_changes_execution
[       OK ] semu-debugger/dbg_modify_memory_changes_execution
[ RUN      ] semu-debugger/dbg_fault_stop_state_viewable_memory_fault
[       OK ] semu-debugger/dbg_fault_stop_state_viewable_memory_fault
[ RUN      ] semu-debugger/dbg_instruction_limit_stops_with_state
[       OK ] semu-debugger/dbg_instruction_limit_stops_with_state
[ RUN      ] semu-debugger/dbg_warp_step_focus
[       OK ] semu-debugger/dbg_warp_step_focus
[ RUN      ] semu-debugger/dbg_focus_warp_exits_then_clear_focus_continues
[       OK ] semu-debugger/dbg_focus_warp_exits_then_clear_focus_continues
[ RUN      ] semu-debugger/dbg_focus_warp_waiting_barrier_released_by_other
[       OK ] semu-debugger/dbg_focus_warp_waiting_barrier_released_by_other
[ RUN      ] semu-debugger/dbg_focus_nonexistent_cta_warp_rejected
[       OK ] semu-debugger/dbg_focus_nonexistent_cta_warp_rejected
[ RUN      ] semu-debugger/dbg_continue_run_barrier_deadlock_reports_fault
[       OK ] semu-debugger/dbg_continue_run_barrier_deadlock_reports_fault
[ RUN      ] semu-debugger/dbg_state_view_barrier_scoreboard_pending_sreg
[       OK ] semu-debugger/dbg_state_view_barrier_scoreboard_pending_sreg
[ RUN      ] semu-debugger/dbg_pc_and_pred_write_continue
[       OK ] semu-debugger/dbg_pc_and_pred_write_continue
[ RUN      ] semu-debugger/dbg_shared_local_memory_requires_explicit_scope
[       OK ] semu-debugger/dbg_shared_local_memory_requires_explicit_scope
[ RUN      ] semu-debugger/dbg_watchpoint_range_overflow_rejected
[       OK ] semu-debugger/dbg_watchpoint_range_overflow_rejected
[ RUN      ] semu-debugger/dbg_breakpoint_step_over_64bit_pc
[       OK ] semu-debugger/dbg_breakpoint_step_over_64bit_pc
[ RUN      ] semu-debugger/dbg_suspend_bp_identity_64bit
[       OK ] semu-debugger/dbg_suspend_bp_identity_64bit
[ RUN      ] semu-debugger/dbg_breakpoint_watchpoint_shared_id_pool
[       OK ] semu-debugger/dbg_breakpoint_watchpoint_shared_id_pool
[ RUN      ] semu-debugger/dbg_trace_fully_reproducible
[       OK ] semu-debugger/dbg_trace_fully_reproducible
[  PASSED  ] all semu debugger tests
<end of output>
Test time =   0.13 sec
----------------------------------------------------------
Test Passed.
"debugger" end time: Aug 17 16:57 CST
"debugger" time elapsed: 00:00:00
----------------------------------------------------------

16/32 Testing: tensor_map
16/32 Test: tensor_map
Command: "/home/cicuvc/cs/projects/nvidia-sass-document/build/tests/semu_test_tensor_map"
Directory: /home/cicuvc/cs/projects/nvidia-sass-document/build/tests
"tensor_map" start time: Aug 17 16:57 CST
Output:
----------------------------------------------------------
[ RUN      ] semu-tensor-map/tensor_map_parse_tiled_2d
[       OK ] semu-tensor-map/tensor_map_parse_tiled_2d
[ RUN      ] semu-tensor-map/tensor_map_parse_rank5
[       OK ] semu-tensor-map/tensor_map_parse_rank5
[ RUN      ] semu-tensor-map/tensor_map_expand_2d_coords
[       OK ] semu-tensor-map/tensor_map_expand_2d_coords
[ RUN      ] semu-tensor-map/tensor_map_expand_3d
[       OK ] semu-tensor-map/tensor_map_expand_3d
[ RUN      ] semu-tensor-map/tensor_map_swizzle_approximate
[       OK ] semu-tensor-map/tensor_map_swizzle_approximate
[ RUN      ] semu-tensor-map/tensor_map_im2col_decode_only
[       OK ] semu-tensor-map/tensor_map_im2col_decode_only
[  PASSED  ] all tensor-map tests
<end of output>
Test time =   0.00 sec
----------------------------------------------------------
Test Passed.
"tensor_map" end time: Aug 17 16:57 CST
"tensor_map" time elapsed: 00:00:00
----------------------------------------------------------

17/32 Testing: tensor
17/32 Test: tensor
Command: "/home/cicuvc/cs/projects/nvidia-sass-document/build/tests/semu_test_tensor"
Directory: /home/cicuvc/cs/projects/nvidia-sass-document/build/tests
"tensor" start time: Aug 17 16:57 CST
Output:
----------------------------------------------------------
[ RUN      ] tensor/tensor_fda_selftest_vectors
[       OK ] tensor/tensor_fda_selftest_vectors
[ RUN      ] tensor/tensor_qmma_k32_hardware_vector
[       OK ] tensor/tensor_qmma_k32_hardware_vector
[ RUN      ] tensor/tensor_omma_k64_hardware_vector
[       OK ] tensor/tensor_omma_k64_hardware_vector
[ RUN      ] tensor/tensor_shapes
[       OK ] tensor/tensor_shapes
[ RUN      ] tensor/tensor_e8m0
[       OK ] tensor/tensor_e8m0
[ RUN      ] tensor/tensor_boundary_specials
[       OK ] tensor/tensor_boundary_specials
<end of output>
Test time =   0.00 sec
----------------------------------------------------------
Test Passed.
"tensor" end time: Aug 17 16:57 CST
"tensor" time elapsed: 00:00:00
----------------------------------------------------------

18/32 Testing: mbarrier
18/32 Test: mbarrier
Command: "/home/cicuvc/cs/projects/nvidia-sass-document/build/tests/semu_test_mbarrier"
Directory: /home/cicuvc/cs/projects/nvidia-sass-document/build/tests
"mbarrier" start time: Aug 17 16:57 CST
Output:
----------------------------------------------------------
[ RUN      ] semu-mbarrier/mbarrier_init_arrive_phase_flip
[       OK ] semu-mbarrier/mbarrier_init_arrive_phase_flip
[ RUN      ] semu-mbarrier/mbarrier_expect_tx_blocks_completion
[       OK ] semu-mbarrier/mbarrier_expect_tx_blocks_completion
[ RUN      ] semu-mbarrier/mbarrier_tx_underflow_corrupts
[       OK ] semu-mbarrier/mbarrier_tx_underflow_corrupts
[ RUN      ] semu-mbarrier/mbarrier_init0_immediately_complete
[       OK ] semu-mbarrier/mbarrier_init0_immediately_complete
[ RUN      ] semu-mbarrier/mbarrier_invalidate_stops_completion
[       OK ] semu-mbarrier/mbarrier_invalidate_stops_completion
[ RUN      ] semu-mbarrier/mbarrier_uninitialized_faults
[       OK ] semu-mbarrier/mbarrier_uninitialized_faults
[ RUN      ] semu-mbarrier/mbarrier_encode_roundtrip
[       OK ] semu-mbarrier/mbarrier_encode_roundtrip
[  PASSED  ] all mbarrier tests
<end of output>
Test time =   0.00 sec
----------------------------------------------------------
Test Passed.
"mbarrier" end time: Aug 17 16:57 CST
"mbarrier" time elapsed: 00:00:00
----------------------------------------------------------

19/32 Testing: cli_smoke
19/32 Test: cli_smoke
Command: "/usr/bin/python3.11" "/home/cicuvc/cs/projects/nvidia-sass-document/semu/tests/cli_smoke_test.py" "/home/cicuvc/cs/projects/nvidia-sass-document/build/cli/semu" "/home/cicuvc/cs/projects/nvidia-sass-document/semu/tests/data/empty_module.bin"
Directory: /home/cicuvc/cs/projects/nvidia-sass-document/build/tests
"cli_smoke" start time: Aug 17 16:57 CST
Output:
----------------------------------------------------------
cli: --version
  ok  version
cli: capability manifest
  ok  summary
  ok  full
cli: invalid command line
  ok  unknown command
  ok  no args
  ok  bad capability option
cli: module argument validation
  ok  missing module
  ok  empty module
  ok  missing arg
cli: debug REPL help golden (Phase 7 round 3)
  ok  mem scope help has no --lane
  ok  mem usage (stderr) has no --lane
  ok  conds help keeps lane mask
  ok  --lane appears only on the conds line
<end of output>
Test time =   0.75 sec
----------------------------------------------------------
Test Passed.
"cli_smoke" end time: Aug 17 16:57 CST
"cli_smoke" time elapsed: 00:00:00
----------------------------------------------------------

20/32 Testing: manifest_regen
20/32 Test: manifest_regen
Command: "/usr/bin/python3.11" "/home/cicuvc/cs/projects/nvidia-sass-document/semu/tests/manifest_regen_test.py" "/home/cicuvc/cs/projects/nvidia-sass-document/semu/../sm120.json" "/home/cicuvc/cs/projects/nvidia-sass-document/semu/tests/../generated"
Directory: /home/cicuvc/cs/projects/nvidia-sass-document/build/tests
"manifest_regen" start time: Aug 17 16:57 CST
Output:
----------------------------------------------------------
OK: capability manifest regenerates byte-identical
<end of output>
Test time =   0.47 sec
----------------------------------------------------------
Test Passed.
"manifest_regen" end time: Aug 17 16:57 CST
"manifest_regen" time elapsed: 00:00:00
----------------------------------------------------------

21/32 Testing: isa_regen
21/32 Test: isa_regen
Command: "/usr/bin/python3.11" "/home/cicuvc/cs/projects/nvidia-sass-document/semu/tests/isa_regen_test.py" "/home/cicuvc/cs/projects/nvidia-sass-document/semu/../sm120.json" "/home/cicuvc/cs/projects/nvidia-sass-document/semu/tests/../generated"
Directory: /home/cicuvc/cs/projects/nvidia-sass-document/build/tests
"isa_regen" start time: Aug 17 16:57 CST
Output:
----------------------------------------------------------
OK: gen_isa deterministic + committed; corpus reproducible (1414/1414 encoded)
<end of output>
Test time =  18.69 sec
----------------------------------------------------------
Test Passed.
"isa_regen" end time: Aug 17 16:58 CST
"isa_regen" time elapsed: 00:00:18
----------------------------------------------------------

22/32 Testing: decoder_roundtrip
22/32 Test: decoder_roundtrip
Command: "/usr/bin/python3.11" "/home/cicuvc/cs/projects/nvidia-sass-document/semu/tests/decoder_roundtrip_test.py" "/home/cicuvc/cs/projects/nvidia-sass-document/build/cli/semu" "/home/cicuvc/cs/projects/nvidia-sass-document/build/semu_corpus.json" "/home/cicuvc/cs/projects/nvidia-sass-document/semu/../sm120.json"
Directory: /home/cicuvc/cs/projects/nvidia-sass-document/build/tests
"decoder_roundtrip" start time: Aug 17 16:58 CST
Output:
----------------------------------------------------------
OK: 1414/1414 corpus words decode uniquely (0 ambiguous, 0 illegal); 1112 bit-exact re-encode, 42 branch, 260 allowlisted gaps (of 260 in allowlist)
<end of output>
Test time =   4.01 sec
----------------------------------------------------------
Test Passed.
"decoder_roundtrip" end time: Aug 17 16:58 CST
"decoder_roundtrip" time elapsed: 00:00:04
----------------------------------------------------------

23/32 Testing: decoder_ambig
23/32 Test: decoder_ambig
Command: "/usr/bin/python3.11" "/home/cicuvc/cs/projects/nvidia-sass-document/semu/tests/decoder_ambig_test.py" "/home/cicuvc/cs/projects/nvidia-sass-document/build/cli/semu" "/home/cicuvc/cs/projects/nvidia-sass-document/build/semu_corpus.json" "/home/cicuvc/cs/projects/nvidia-sass-document/semu/../sm120.json"
Directory: /home/cicuvc/cs/projects/nvidia-sass-document/build/tests
"decoder_ambig" start time: Aug 17 16:58 CST
Output:
----------------------------------------------------------
OK: 361 focus words unique; 60 sample words, reserved-bit flips -> 0 illegal, 2488 same, 0 ambiguous, 0 other
<end of output>
Test time =  29.55 sec
----------------------------------------------------------
Test Passed.
"decoder_ambig" end time: Aug 17 16:58 CST
"decoder_ambig" time elapsed: 00:00:29
----------------------------------------------------------

24/32 Testing: cond_differential
24/32 Test: cond_differential
Command: "/usr/bin/python3.11" "/home/cicuvc/cs/projects/nvidia-sass-document/semu/tests/cond_differential_test.py" "/home/cicuvc/cs/projects/nvidia-sass-document/build/cli/semu" "/home/cicuvc/cs/projects/nvidia-sass-document/build/semu_corpus.json" "/home/cicuvc/cs/projects/nvidia-sass-document/semu/../sm120.json"
Directory: /home/cicuvc/cs/projects/nvidia-sass-document/build/tests
"cond_differential" start time: Aug 17 16:58 CST
Output:
----------------------------------------------------------
OK: 21358 condition comparisons: 21337 true, 21 false, 0 unresolved, 0 mismatches; false samples: 21; unknown-token sample unresolved on both sides
<end of output>
Test time =  21.98 sec
----------------------------------------------------------
Test Passed.
"cond_differential" end time: Aug 17 16:59 CST
"cond_differential" time elapsed: 00:00:21
----------------------------------------------------------

25/32 Testing: decoder_cuobjdump
25/32 Test: decoder_cuobjdump
Command: "/usr/bin/python3.11" "/home/cicuvc/cs/projects/nvidia-sass-document/semu/tests/decoder_cuobjdump_test.py" "/home/cicuvc/cs/projects/nvidia-sass-document/build/cli/semu" "/home/cicuvc/cs/projects/nvidia-sass-document/semu/tests/data/cuobj_vectors_sm120.json"
Directory: /home/cicuvc/cs/projects/nvidia-sass-document/build/tests
"decoder_cuobjdump" start time: Aug 17 16:59 CST
Output:
----------------------------------------------------------
OK: 450/450 real cuobjdump vectors pass structured comparison; coverage: branch=31, const=48, desc=65, guard=48, mem=11, plain=247
<end of output>
Test time =   0.38 sec
----------------------------------------------------------
Test Passed.
"decoder_cuobjdump" end time: Aug 17 16:59 CST
"decoder_cuobjdump" time elapsed: 00:00:00
----------------------------------------------------------

26/32 Testing: decoder_negative
26/32 Test: decoder_negative
Command: "/usr/bin/python3.11" "/home/cicuvc/cs/projects/nvidia-sass-document/semu/tests/decoder_negative_test.py" "/home/cicuvc/cs/projects/nvidia-sass-document/build/cli/semu" "/home/cicuvc/cs/projects/nvidia-sass-document/build/semu_corpus.json" "/home/cicuvc/cs/projects/nvidia-sass-document/semu/../sm120.json"
Directory: /home/cicuvc/cs/projects/nvidia-sass-document/build/tests
"decoder_negative" start time: Aug 17 16:59 CST
Output:
----------------------------------------------------------
OK: 398 negative vectors rejected (illegal tables / enum holes / register alignment)
<end of output>
Test time =   4.55 sec
----------------------------------------------------------
Test Passed.
"decoder_negative" end time: Aug 17 16:59 CST
"decoder_negative" time elapsed: 00:00:04
----------------------------------------------------------

27/32 Testing: cuobj_regen
27/32 Test: cuobj_regen
Command: "/usr/bin/python3.11" "/home/cicuvc/cs/projects/nvidia-sass-document/semu/tests/cuobj_regen_test.py"
Directory: /home/cicuvc/cs/projects/nvidia-sass-document/build/tests
"cuobj_regen" start time: Aug 17 16:59 CST
Output:
----------------------------------------------------------
OK: 450 words reproducible from repo content (committed cubins + regen sources)
<end of output>
Test time =   4.73 sec
----------------------------------------------------------
Test Passed.
"cuobj_regen" end time: Aug 17 16:59 CST
"cuobj_regen" time elapsed: 00:00:04
----------------------------------------------------------

28/32 Testing: decoder_cuobjdump_tamper
28/32 Test: decoder_cuobjdump_tamper
Command: "/usr/bin/python3.11" "/home/cicuvc/cs/projects/nvidia-sass-document/semu/tests/decoder_cuobjdump_tamper_test.py" "/home/cicuvc/cs/projects/nvidia-sass-document/build/cli/semu"
Directory: /home/cicuvc/cs/projects/nvidia-sass-document/build/tests
"decoder_cuobjdump_tamper" start time: Aug 17 16:59 CST
Output:
----------------------------------------------------------
  tamper[register]: gate exit=1 (ok)
  tamper[modifier]: gate exit=1 (ok)
  tamper[branch-target]: gate exit=1 (ok)
  tamper[extra-operand]: gate exit=1 (ok)
OK: all 4 tamper classes rejected by the cuobjdump gate
<end of output>
Test time =   1.61 sec
----------------------------------------------------------
Test Passed.
"decoder_cuobjdump_tamper" end time: Aug 17 16:59 CST
"decoder_cuobjdump_tamper" time elapsed: 00:00:01
----------------------------------------------------------

29/32 Testing: cubin_load
29/32 Test: cubin_load
Command: "/usr/bin/python3.11" "/home/cicuvc/cs/projects/nvidia-sass-document/semu/tests/cubin_load_test.py" "/home/cicuvc/cs/projects/nvidia-sass-document/build/cli/semu"
Directory: /home/cicuvc/cs/projects/nvidia-sass-document/build/tests
"cubin_load" start time: Aug 17 16:59 CST
Output:
----------------------------------------------------------
== assembler single-kernel cubin
  ok  load exit 0
  ok  load reports 1 kernel
  ok  load names k_add
  ok  list-kernels exit 0
  ok  list-kernels 1 line
  ok  kernel name _Z5k_add
  ok  text size >= 256 (padded)
  ok  params = 4 (a,b,c,n)
  ok  disasm exit 0
  ok  disasm has FADD
  ok  disasm has EXIT
  ok  disasm has pc column
  ok  inspect exit 0
  ok  inspect sections
  ok  inspect symbols
== error paths
  ok  bad magic rejected
  ok  wrong e_flags rejected
  ok  truncated rejected
== EIATTR injection
  ok  found .nv.info.<kern> section
  ok  unknown EIATTR warns, load ok
  ok  non-allowlisted unknown EIATTR rejected
  ok  malformed EIATTR rejected
== nvcc multi-kernel cubin
  ok  multi: exit 0
  ok  multi: 3 kernels
  ok  multi: mangled names
  ok  multi: text sizes match nvcc (256/384/512)
  ok  multi: regcount 4/10/12
  ok  cuobjdump regcount _Z5k_nopv
  ok  cuobjdump regcount _Z7k_scalePKfPfif
  ok  cuobjdump regcount _Z5k_addPKfS0_Pfi
  ok  readelf section .text._Z5k_nopv
  ok  readelf section .text._Z7k_scalePKfPfif
  ok  readelf section .text._Z5k_addPKfS0_Pfi
  ok  readelf section .nv.info
  ok  readelf section .symtab
  ok  readelf FUNC GLOBAL symbols
  ok  multi: inspect exit 0
  ok  multi: k_add 4 params
  ok  multi: 8 param lines total (add 4 + scale 4 + nop 0)
  ok  multi: k_add param sizes 8,8,8,4 (ordinal asc)
  ok  multi: k_add param ordinals 0,1,2,3
  ok  multi: disasm k_nop exit 0
  ok  multi: disasm has EXIT
  ok  disasm unknown kernel fails
== P2-GAP probes
  ok  bad OSABI rejected
  ok  odd text size rejected
  ok  illegal word fails strict load
  ok  inspection disasm keeps pc0 placeholder
  ok  inspect shows constant0
  ok  inspect shows shared
  note  assembler cubin has no .rela; OOB sh_info covered by unit test cubin_relocation_oob_shinfo_no_crash
  ok  strict load rejects unknown 0x51
  ok  inspection disasm tolerates unknown 0x51

PASS: 0 failure(s)
<end of output>
Test time =   1.53 sec
----------------------------------------------------------
Test Passed.
"cubin_load" end time: Aug 17 16:59 CST
"cubin_load" time elapsed: 00:00:01
----------------------------------------------------------

30/32 Testing: fuzz_phase5
30/32 Test: fuzz_phase5
Command: "/usr/bin/python3.11" "/home/cicuvc/cs/projects/nvidia-sass-document/semu/tests/fuzz_phase5_test.py" "/home/cicuvc/cs/projects/nvidia-sass-document/build/cli/semu" "/home/cicuvc/cs/projects/nvidia-sass-document/semu/../tools/fuzz_phase5.py"
Directory: /home/cicuvc/cs/projects/nvidia-sass-document/build/tests
"fuzz_phase5" start time: Aug 17 16:59 CST
Output:
----------------------------------------------------------
PASS fuzz_phase5 (n=40, seed=20260813) + mutation gate (108/108, 0 errors)
<end of output>
Test time =   5.12 sec
----------------------------------------------------------
Test Passed.
"fuzz_phase5" end time: Aug 17 16:59 CST
"fuzz_phase5" time elapsed: 00:00:05
----------------------------------------------------------

31/32 Testing: l1tex_oracle
31/32 Test: l1tex_oracle
Command: "/usr/bin/python3.11" "/home/cicuvc/cs/projects/nvidia-sass-document/semu/../tools/l1tex_oracle_check.py" "/home/cicuvc/cs/projects/nvidia-sass-document/build/tests/semu_l1tex_cli" "/home/cicuvc/cs/projects/arch/l1tex"
Directory: /home/cicuvc/cs/projects/nvidia-sass-document/build/tests
"l1tex_oracle" start time: Aug 17 16:59 CST
Output:
----------------------------------------------------------
GF2: C++==Python 840/840
GF2-near: C++==Python 365/365
token: C++==Python 216/216
random: C++==Python 520/520
random 4 B: GPU-exact 176/400 MAE 0.7375
random 8 B: GPU-exact 19/60 MAE 1.1667
random 16 B: GPU-exact 32/60 MAE 0.8167
TOTAL C++==Python: 1941/1941
<end of output>
Test time =  11.29 sec
----------------------------------------------------------
Test Passed.
"l1tex_oracle" end time: Aug 17 16:59 CST
"l1tex_oracle" time elapsed: 00:00:11
----------------------------------------------------------

32/32 Testing: profiler_report
32/32 Test: profiler_report
Command: "/usr/bin/python3.11" "/home/cicuvc/cs/projects/nvidia-sass-document/semu/../tools/profiler_report_test.py" "/home/cicuvc/cs/projects/nvidia-sass-document/build/cli/semu" "/home/cicuvc/cs/projects/nvidia-sass-document/build/tests/semu_l1tex_cli" "/home/cicuvc/cs/projects/arch/l1tex" "/home/cicuvc/cs/projects/nvidia-sass-document/build"
Directory: /home/cicuvc/cs/projects/nvidia-sass-document/build/tests
"profiler_report" start time: Aug 17 16:59 CST
Output:
----------------------------------------------------------
LDGSTS corpus: base C++==Python 520/520
  pure counts == hardware meas: TWf 520/520, TagConf 520/520, TSetAcc 520/520, Sectors 520/520
  confidence-label checks passed on 520 rows
profiler schema (v1.0) compatibility OK; report deterministic
<end of output>
Test time =   5.62 sec
----------------------------------------------------------
Test Passed.
"profiler_report" end time: Aug 17 16:59 CST
"profiler_report" time elapsed: 00:00:05
----------------------------------------------------------

End testing: Aug 17 16:59 CST
